  BattleCityMain.cpp
d:\github\battle-city\battle_city\battle_city\battlecitymain.cpp(60): warning C4101: 'hdc' :참조되지 않은 지역 변수입니다.
d:\github\battle-city\battle_city\battle_city\battlecitymain.cpp(61): warning C4101: 'ps' :참조되지 않은 지역 변수입니다.
  GameManager.cpp
d:\github\battle-city\battle_city\battle_city\gamemanager.cpp(126): warning C4305: '인수': 'double'에서 'float'(으)로 잘립니다.
d:\github\battle-city\battle_city\battle_city\gamemanager.cpp(126): warning C4244: '인수': 'double'에서 'int'(으)로 변환하면서 데이터가 손실될 수 있습니다.
d:\github\battle-city\battle_city\battle_city\gamemanager.cpp(132): warning C4244: '인수': 'double'에서 'int'(으)로 변환하면서 데이터가 손실될 수 있습니다.
d:\github\battle-city\battle_city\battle_city\gamemanager.cpp(134): warning C4244: '인수': 'double'에서 'int'(으)로 변환하면서 데이터가 손실될 수 있습니다.
d:\github\battle-city\battle_city\battle_city\gamemanager.cpp(139): warning C4244: '인수': 'double'에서 'int'(으)로 변환하면서 데이터가 손실될 수 있습니다.
d:\github\battle-city\battle_city\battle_city\gamemanager.cpp(140): warning C4244: '인수': 'double'에서 'int'(으)로 변환하면서 데이터가 손실될 수 있습니다.
d:\github\battle-city\battle_city\battle_city\gamemanager.cpp(163): warning C4244: '인수': 'double'에서 'int'(으)로 변환하면서 데이터가 손실될 수 있습니다.
d:\github\battle-city\battle_city\battle_city\gamemanager.cpp(165): warning C4244: '인수': 'double'에서 'int'(으)로 변환하면서 데이터가 손실될 수 있습니다.
d:\github\battle-city\battle_city\battle_city\gamemanager.cpp(201): warning C4244: '인수': 'double'에서 'int'(으)로 변환하면서 데이터가 손실될 수 있습니다.
d:\github\battle-city\battle_city\battle_city\gamemanager.cpp(211): warning C4244: '=': 'double'에서 'int'(으)로 변환하면서 데이터가 손실될 수 있습니다.
d:\github\battle-city\battle_city\battle_city\gamemanager.cpp(212): warning C4244: '=': 'double'에서 'int'(으)로 변환하면서 데이터가 손실될 수 있습니다.
d:\github\battle-city\battle_city\battle_city\gamemanager.cpp(262): warning C4244: '인수': 'double'에서 'int'(으)로 변환하면서 데이터가 손실될 수 있습니다.
d:\github\battle-city\battle_city\battle_city\gamemanager.cpp(266): warning C4244: '인수': 'double'에서 'int'(으)로 변환하면서 데이터가 손실될 수 있습니다.
d:\github\battle-city\battle_city\battle_city\gamemanager.cpp(267): warning C4244: '인수': 'double'에서 'int'(으)로 변환하면서 데이터가 손실될 수 있습니다.
d:\github\battle-city\battle_city\battle_city\gamemanager.cpp(269): warning C4244: '인수': 'double'에서 'int'(으)로 변환하면서 데이터가 손실될 수 있습니다.
d:\github\battle-city\battle_city\battle_city\gamemanager.cpp(272): warning C4244: '인수': 'double'에서 'int'(으)로 변환하면서 데이터가 손실될 수 있습니다.
d:\github\battle-city\battle_city\battle_city\gamemanager.cpp(274): warning C4244: '인수': 'double'에서 'int'(으)로 변환하면서 데이터가 손실될 수 있습니다.
  Player.cpp
  Tank.cpp
d:\github\battle-city\battle_city\battle_city\tank.cpp(13): warning C4244: '인수': 'float'에서 'int'(으)로 변환하면서 데이터가 손실될 수 있습니다.
d:\github\battle-city\battle_city\battle_city\tank.cpp(23): warning C4244: '=': 'float'에서 'int'(으)로 변환하면서 데이터가 손실될 수 있습니다.
d:\github\battle-city\battle_city\battle_city\tank.cpp(24): warning C4244: '=': 'double'에서 'int'(으)로 변환하면서 데이터가 손실될 수 있습니다.
d:\github\battle-city\battle_city\battle_city\tank.cpp(25): warning C4244: '=': 'double'에서 'int'(으)로 변환하면서 데이터가 손실될 수 있습니다.
d:\github\battle-city\battle_city\battle_city\tank.cpp(27): warning C4244: '=': 'float'에서 'int'(으)로 변환하면서 데이터가 손실될 수 있습니다.
d:\github\battle-city\battle_city\battle_city\tank.cpp(28): warning C4244: '=': 'double'에서 'int'(으)로 변환하면서 데이터가 손실될 수 있습니다.
d:\github\battle-city\battle_city\battle_city\tank.cpp(29): warning C4244: '=': 'double'에서 'int'(으)로 변환하면서 데이터가 손실될 수 있습니다.
  코드를 생성하고 있습니다...
d:\github\battle-city\battle_city\battle_city\tank.cpp(84): warning C4715: 'Tank::Movable': 모든 제어 경로에서 값을 반환하지는 않습니다.
  Battle_City.vcxproj -> D:\Github\Battle-City\Battle_City\x64\Debug\Battle_City.exe
